[debug] [2018-10-31T19:23:12.396Z] ----------------------------------------------------------------------
[debug] [2018-10-31T19:23:12.398Z] Command:       C:\Program Files\nodejs\node.exe C:\Users\hyago\AppData\Roaming\npm\node_modules\firebase-tools\lib\bin\firebase.js serve
[debug] [2018-10-31T19:23:12.398Z] CLI Version:   6.0.0
[debug] [2018-10-31T19:23:12.399Z] Platform:      win32
[debug] [2018-10-31T19:23:12.399Z] Node Version:  v8.11.3
[debug] [2018-10-31T19:23:12.400Z] Time:          Wed Oct 31 2018 16:23:12 GMT-0300 (Hora oficial do Brasil)
[debug] [2018-10-31T19:23:12.400Z] ----------------------------------------------------------------------
[debug] 
[debug] [2018-10-31T19:23:12.410Z] > command requires scopes: ["email","openid","https://www.googleapis.com/auth/cloudplatformprojects.readonly","https://www.googleapis.com/auth/firebase","https://www.googleapis.com/auth/cloud-platform"]
[debug] [2018-10-31T19:23:12.410Z] > authorizing via signed-in user
[debug] [2018-10-31T19:23:12.410Z] [iam] checking project proinf-ufg for permissions ["firebase.projects.get"]
[debug] [2018-10-31T19:23:12.412Z] >>> HTTP REQUEST POST https://cloudresourcemanager.googleapis.com/v1/projects/proinf-ufg:testIamPermissions  

[debug] [2018-10-31T19:23:13.515Z] <<< HTTP RESPONSE 200
[debug] [2018-10-31T19:23:13.516Z] >>> HTTP REQUEST GET https://cloudresourcemanager.googleapis.com/v1/projects/proinf-ufg  
 
[debug] [2018-10-31T19:23:14.514Z] <<< HTTP RESPONSE 200
[info] 
[info] === Serving from 'C:\Users\hyago\Desktop\SiteEventos'...
[info] 
[debug] [2018-10-31T19:23:14.521Z] >>> HTTP REQUEST GET https://mobilesdk-pa.googleapis.com/v1/projects/642149309043/clients/_:getWebAppConfig  
 
[debug] [2018-10-31T19:23:15.088Z] <<< HTTP RESPONSE 200
[info] i  hosting: Serving hosting files from: dist
[info] +  hosting: Local server: http://localhost:5000
